Determining if the pthread_create exist failed with the following output:
Change Dir: /playpen/zhenlinx/Code/Robotics781/SemanticFusion/build/CMakeFiles/CMakeTmp

Run Build Command:"/usr/bin/make" "cmTC_43aec/fast"
/usr/bin/make -f CMakeFiles/cmTC_43aec.dir/build.make CMakeFiles/cmTC_43aec.dir/build
make[1]: Entering directory '/playpen/zhenlinx/Code/Robotics781/SemanticFusion/build/CMakeFiles/CMakeTmp'
Building C object CMakeFiles/cmTC_43aec.dir/CheckSymbolExists.c.o
/usr/bin/cc    -fPIC    -o CMakeFiles/cmTC_43aec.dir/CheckSymbolExists.c.o   -c /playpen/zhenlinx/Code/Robotics781/SemanticFusion/build/CMakeFiles/CMakeTmp/CheckSymbolExists.c
Linking C executable cmTC_43aec
/usr/bin/cmake -E cmake_link_script CMakeFiles/cmTC_43aec.dir/link.txt --verbose=1
/usr/bin/cc  -fPIC     CMakeFiles/cmTC_43aec.dir/CheckSymbolExists.c.o  -o cmTC_43aec -rdynamic 
CMakeFiles/cmTC_43aec.dir/CheckSymbolExists.c.o: In function `main':
CheckSymbolExists.c:(.text+0x1b): undefined reference to `pthread_create'
collect2: error: ld returned 1 exit status
CMakeFiles/cmTC_43aec.dir/build.make:97: recipe for target 'cmTC_43aec' failed
make[1]: *** [cmTC_43aec] Error 1
make[1]: Leaving directory '/playpen/zhenlinx/Code/Robotics781/SemanticFusion/build/CMakeFiles/CMakeTmp'
Makefile:126: recipe for target 'cmTC_43aec/fast' failed
make: *** [cmTC_43aec/fast] Error 2

File /playpen/zhenlinx/Code/Robotics781/SemanticFusion/build/CMakeFiles/CMakeTmp/CheckSymbolExists.c:
/* */
#include <pthread.h>

int main(int argc, char** argv)
{
  (void)argv;
#ifndef pthread_create
  return ((int*)(&pthread_create))[argc];
#else
  (void)argc;
  return 0;
#endif
}

Determining if the function pthread_create exists in the pthreads failed with the following output:
Change Dir: /playpen/zhenlinx/Code/Robotics781/SemanticFusion/build/CMakeFiles/CMakeTmp

Run Build Command:"/usr/bin/make" "cmTC_0a8e2/fast"
/usr/bin/make -f CMakeFiles/cmTC_0a8e2.dir/build.make CMakeFiles/cmTC_0a8e2.dir/build
make[1]: Entering directory '/playpen/zhenlinx/Code/Robotics781/SemanticFusion/build/CMakeFiles/CMakeTmp'
Building C object CMakeFiles/cmTC_0a8e2.dir/CheckFunctionExists.c.o
/usr/bin/cc    -fPIC -DCHECK_FUNCTION_EXISTS=pthread_create   -o CMakeFiles/cmTC_0a8e2.dir/CheckFunctionExists.c.o   -c /usr/share/cmake-3.5/Modules/CheckFunctionExists.c
Linking C executable cmTC_0a8e2
/usr/bin/cmake -E cmake_link_script CMakeFiles/cmTC_0a8e2.dir/link.txt --verbose=1
/usr/bin/cc  -fPIC -DCHECK_FUNCTION_EXISTS=pthread_create    CMakeFiles/cmTC_0a8e2.dir/CheckFunctionExists.c.o  -o cmTC_0a8e2 -rdynamic -lpthreads 
/usr/bin/ld: cannot find -lpthreads
collect2: error: ld returned 1 exit status
CMakeFiles/cmTC_0a8e2.dir/build.make:97: recipe for target 'cmTC_0a8e2' failed
make[1]: *** [cmTC_0a8e2] Error 1
make[1]: Leaving directory '/playpen/zhenlinx/Code/Robotics781/SemanticFusion/build/CMakeFiles/CMakeTmp'
Makefile:126: recipe for target 'cmTC_0a8e2/fast' failed
make: *** [cmTC_0a8e2/fast] Error 2


